Invoking simulator...
SimCMD>simv -ucli -ucli2Proc -lca
*Verdi3* Loading libsscore_vcs201606.so
*Verdi3* : FSDB_GATE is set.
*Verdi3* : FSDB_RTL is set.
*Verdi3* : Enable Parallel Dumping.
FSDB Dumper for VCS, Release Verdi3_L-2016.06-1, Linux x86_64/64bit, 07/10/2016
(C) 1996 - 2016 by Synopsys, Inc.
*Verdi3* : Create FSDB file '/home/park/PROJECT/02_2D_Interpolator/03_Sim/1_func/231101a/inter.fsdb'
*Verdi3* : Flush all FSDB Files at 0 ns.
8720
Warning-[LCA_FEATURES_ENABLED] Usage warning
  LCA features enabled by '-lca' argument on the command line.  For more 
  information regarding list of LCA features please refer to Chapter "LCA 
  features" in the VCS/VCS-MX Release Notes
Chronologic VCS simulator copyright 1991-2016
Contains Synopsys proprietary information.
Compiler version L-2016.06_Full64; Runtime version L-2016.06_Full64;  Nov  1 22:55 2023
           V C S   S i m u l a t i o n   R e p o r t 
Time: 0 ns
CPU Time:      0.240 seconds;       Data structure size:   0.0Mb
Wed Nov  1 22:55:17 2023
