version: (200506)

available memory: 64M bytes
used memory: 73728 bytes [need 72K bytes if disable swap]

used block: 2 [memory(2) file(0)]
                 [ 8K(1) 64K(1) { total 72K bytes } ]
overhead: (9522) bytes for (2) blocks [Average: (4761) bytes/block]

write  => 0(times) 0K(bytes) [0K bytes to file]
read   => 1(times) 6K(bytes) [1K bytes compressed data from file]
access => 59032(times) 464M(bytes)
          [hit ratio: 99.9983%]

time: write(0) read(0)  unit: second

swap file directory: (/home/park/PROJECT/02_2D_Interpolator/03_Sim/1_func/231101a/verdiLog)
used swap file number: (1)



swap file manager:
arrSize: (256)
idxCnt: (3)
closeHead: (1)
closeTail: (2)
openCnt: (2)
fid(2): fd(29) fileName(/home/park/PROJECT/02_2D_Interpolator/03_Sim/1_func/231101a/verdiLog/_swap_0001#-223604744#3712)
	size(0) lastModTime(0) curModTime(1699034430)
	mode(w+b)	hot(0) cool(1) pos(0)
fid(1): fd(1073741824) fileName(/home/park/PROJECT/02_2D_Interpolator/03_Sim/1_func/231101a/simv.daidir/kdb.elab++/work.lib++/tb_top.sv.tdc)
	size(2543) lastModTime(1698848802) curModTime(1698848802)
	mode(rb)	hot(2) cool(0) pos(0)
fid(0): fd(0) fileName(NULL)
	mode(NULL)	hot(0) cool(0) pos(0)
==================================================
mySelf(157616e0) pre(13ffd250) next(0)
version(200506)
date(May 20 2016 01:21:05)
