version: (200506)

available memory: 64M bytes
used memory: 237568 bytes [need 232K bytes if disable swap]

used block: 8 [memory(8) file(0)]
                 [ 8K(5) 64K(3) { total 232K bytes } ]
overhead: (9522) bytes for (8) blocks [Average: (1190) bytes/block]

write  => 0(times) 0K(bytes) [0K bytes to file]
read   => 3(times) 26K(bytes) [4K bytes compressed data from file]
access => 679986(times) 5322M(bytes)
          [hit ratio: 99.9996%]

time: write(0) read(0)  unit: second

swap file directory: (/home/park/PROJECT/02_2D_Interpolator/03_Sim/1_func/231104b/verdiLog)
used swap file number: (4)



swap file manager:
arrSize: (256)
idxCnt: (5)
closeHead: (1)
closeTail: (4)
openCnt: (4)
fid(4): fd(1073741826) fileName(/home/park/PROJECT/02_2D_Interpolator/03_Sim/1_func/231104b/simv.daidir/kdb.elab++/work.lib++/linear_interpolator_2d.v.tdc)
	size(4448) lastModTime(1699035119) curModTime(1699035119)
	mode(rb)	hot(0) cool(3) pos(0)
fid(3): fd(1073741825) fileName(/home/park/PROJECT/02_2D_Interpolator/03_Sim/1_func/231104b/simv.daidir/kdb.elab++/work.lib++/rtl_top.v.tdc)
	size(1647) lastModTime(1699035119) curModTime(1699035119)
	mode(rb)	hot(4) cool(2) pos(0)
fid(2): fd(29) fileName(/home/park/PROJECT/02_2D_Interpolator/03_Sim/1_func/231104b/verdiLog/_swap_0001#-223604744#3267)
	size(0) lastModTime(0) curModTime(1699080895)
	mode(w+b)	hot(3) cool(1) pos(0)
fid(1): fd(1073741824) fileName(/home/park/PROJECT/02_2D_Interpolator/03_Sim/1_func/231104b/simv.daidir/kdb.elab++/work.lib++/tb_top.sv.tdc)
	size(2574) lastModTime(1699035119) curModTime(1699035119)
	mode(rb)	hot(2) cool(0) pos(0)
fid(0): fd(0) fileName(NULL)
	mode(NULL)	hot(0) cool(0) pos(0)
==================================================
mySelf(14c20660) pre(1425ad00) next(0)
version(200506)
date(Feb 11 2019 22:10:27)
