version: (200506)

available memory: 64M bytes
used memory: 147456 bytes [need 144K bytes if disable swap]

used block: 4 [memory(4) file(0)]
                 [ 8K(2) 64K(2) { total 144K bytes } ]
overhead: (9522) bytes for (4) blocks [Average: (2380) bytes/block]

write  => 0(times) 0K(bytes) [0K bytes to file]
read   => 2(times) 10K(bytes) [2K bytes compressed data from file]
access => 70311(times) 554M(bytes)
          [hit ratio: 99.9972%]

time: write(0) read(0)  unit: second

swap file directory: (/home/park/PROJECT/02_2D_Interpolator/03_Sim/1_func/231104a/verdiLog)
used swap file number: (3)



swap file manager:
arrSize: (256)
idxCnt: (4)
closeHead: (1)
closeTail: (3)
openCnt: (3)
fid(3): fd(1073741825) fileName(/home/park/PROJECT/02_2D_Interpolator/03_Sim/1_func/231104a/simv.daidir/kdb.elab++/work.lib++/rtl_top.v.tdc)
	size(1647) lastModTime(1699034626) curModTime(1699034626)
	mode(rb)	hot(0) cool(2) pos(0)
fid(2): fd(29) fileName(/home/park/PROJECT/02_2D_Interpolator/03_Sim/1_func/231104a/verdiLog/_swap_0001#-223604744#5265)
	size(0) lastModTime(0) curModTime(1699034641)
	mode(w+b)	hot(3) cool(1) pos(0)
fid(1): fd(1073741824) fileName(/home/park/PROJECT/02_2D_Interpolator/03_Sim/1_func/231104a/simv.daidir/kdb.elab++/work.lib++/tb_top.sv.tdc)
	size(2574) lastModTime(1699034626) curModTime(1699034626)
	mode(rb)	hot(2) cool(0) pos(0)
fid(0): fd(0) fileName(NULL)
	mode(NULL)	hot(0) cool(0) pos(0)
==================================================
mySelf(15033a00) pre(14540230) next(0)
version(200506)
date(Feb 11 2019 22:10:27)
